Created by PLY version 3.11 (http://www.dabeaz.com/ply)

Grammar

Rule 0     S' -> programme
Rule 1     programme -> statement
Rule 2     programme -> statement ; programme
Rule 3     statement -> assignation
Rule 4     statement -> structure
Rule 5     statement -> PRINT expression
Rule 6     structure -> WHILE expression { programme }
Rule 7     structure -> IF expression { programme }
Rule 8     structure -> IF expression { programme } ; ELSE { programme }
Rule 9     expression -> expression ADD_OP expression
Rule 10    expression -> expression MUL_OP expression
Rule 11    expression -> NUMBER
Rule 12    expression -> IDENTIFIER
Rule 13    expression -> ( expression )
Rule 14    expression -> ADD_OP expression
Rule 15    assignation -> IDENTIFIER = expression

Terminals, with rules where they appear

(                    : 13
)                    : 13
;                    : 2 8
=                    : 15
ADD_OP               : 9 14
ELSE                 : 8
IDENTIFIER           : 12 15
IF                   : 7 8
MUL_OP               : 10
NUMBER               : 11
PRINT                : 5
WHILE                : 6
error                : 
{                    : 6 7 8 8
}                    : 6 7 8 8

Nonterminals, with rules where they appear

assignation          : 3
expression           : 5 6 7 8 9 9 10 10 13 14 15
programme            : 2 6 7 8 8 0
statement            : 1 2
structure            : 4

Parsing method: LALR

state 0

    (0) S' -> . programme
    (1) programme -> . statement
    (2) programme -> . statement ; programme
    (3) statement -> . assignation
    (4) statement -> . structure
    (5) statement -> . PRINT expression
    (15) assignation -> . IDENTIFIER = expression
    (6) structure -> . WHILE expression { programme }
    (7) structure -> . IF expression { programme }
    (8) structure -> . IF expression { programme } ; ELSE { programme }

    PRINT           shift and go to state 5
    IDENTIFIER      shift and go to state 6
    WHILE           shift and go to state 7
    IF              shift and go to state 8

    programme                      shift and go to state 1
    statement                      shift and go to state 2
    assignation                    shift and go to state 3
    structure                      shift and go to state 4

state 1

    (0) S' -> programme .



state 2

    (1) programme -> statement .
    (2) programme -> statement . ; programme

    $end            reduce using rule 1 (programme -> statement .)
    }               reduce using rule 1 (programme -> statement .)
    ;               shift and go to state 9


state 3

    (3) statement -> assignation .

    ;               reduce using rule 3 (statement -> assignation .)
    $end            reduce using rule 3 (statement -> assignation .)
    }               reduce using rule 3 (statement -> assignation .)


state 4

    (4) statement -> structure .

    ;               reduce using rule 4 (statement -> structure .)
    $end            reduce using rule 4 (statement -> structure .)
    }               reduce using rule 4 (statement -> structure .)


state 5

    (5) statement -> PRINT . expression
    (9) expression -> . expression ADD_OP expression
    (10) expression -> . expression MUL_OP expression
    (11) expression -> . NUMBER
    (12) expression -> . IDENTIFIER
    (13) expression -> . ( expression )
    (14) expression -> . ADD_OP expression

    NUMBER          shift and go to state 12
    IDENTIFIER      shift and go to state 13
    (               shift and go to state 14
    ADD_OP          shift and go to state 11

    expression                     shift and go to state 10

state 6

    (15) assignation -> IDENTIFIER . = expression

    =               shift and go to state 15


state 7

    (6) structure -> WHILE . expression { programme }
    (9) expression -> . expression ADD_OP expression
    (10) expression -> . expression MUL_OP expression
    (11) expression -> . NUMBER
    (12) expression -> . IDENTIFIER
    (13) expression -> . ( expression )
    (14) expression -> . ADD_OP expression

    NUMBER          shift and go to state 12
    IDENTIFIER      shift and go to state 13
    (               shift and go to state 14
    ADD_OP          shift and go to state 11

    expression                     shift and go to state 16

state 8

    (7) structure -> IF . expression { programme }
    (8) structure -> IF . expression { programme } ; ELSE { programme }
    (9) expression -> . expression ADD_OP expression
    (10) expression -> . expression MUL_OP expression
    (11) expression -> . NUMBER
    (12) expression -> . IDENTIFIER
    (13) expression -> . ( expression )
    (14) expression -> . ADD_OP expression

    NUMBER          shift and go to state 12
    IDENTIFIER      shift and go to state 13
    (               shift and go to state 14
    ADD_OP          shift and go to state 11

    expression                     shift and go to state 17

state 9

    (2) programme -> statement ; . programme
    (1) programme -> . statement
    (2) programme -> . statement ; programme
    (3) statement -> . assignation
    (4) statement -> . structure
    (5) statement -> . PRINT expression
    (15) assignation -> . IDENTIFIER = expression
    (6) structure -> . WHILE expression { programme }
    (7) structure -> . IF expression { programme }
    (8) structure -> . IF expression { programme } ; ELSE { programme }

    PRINT           shift and go to state 5
    IDENTIFIER      shift and go to state 6
    WHILE           shift and go to state 7
    IF              shift and go to state 8

    statement                      shift and go to state 2
    programme                      shift and go to state 18
    assignation                    shift and go to state 3
    structure                      shift and go to state 4

state 10

    (5) statement -> PRINT expression .
    (9) expression -> expression . ADD_OP expression
    (10) expression -> expression . MUL_OP expression

    ;               reduce using rule 5 (statement -> PRINT expression .)
    $end            reduce using rule 5 (statement -> PRINT expression .)
    }               reduce using rule 5 (statement -> PRINT expression .)
    ADD_OP          shift and go to state 19
    MUL_OP          shift and go to state 20


state 11

    (14) expression -> ADD_OP . expression
    (9) expression -> . expression ADD_OP expression
    (10) expression -> . expression MUL_OP expression
    (11) expression -> . NUMBER
    (12) expression -> . IDENTIFIER
    (13) expression -> . ( expression )
    (14) expression -> . ADD_OP expression

    NUMBER          shift and go to state 12
    IDENTIFIER      shift and go to state 13
    (               shift and go to state 14
    ADD_OP          shift and go to state 11

    expression                     shift and go to state 21

state 12

    (11) expression -> NUMBER .

    ADD_OP          reduce using rule 11 (expression -> NUMBER .)
    MUL_OP          reduce using rule 11 (expression -> NUMBER .)
    ;               reduce using rule 11 (expression -> NUMBER .)
    $end            reduce using rule 11 (expression -> NUMBER .)
    }               reduce using rule 11 (expression -> NUMBER .)
    {               reduce using rule 11 (expression -> NUMBER .)
    )               reduce using rule 11 (expression -> NUMBER .)


state 13

    (12) expression -> IDENTIFIER .

    ADD_OP          reduce using rule 12 (expression -> IDENTIFIER .)
    MUL_OP          reduce using rule 12 (expression -> IDENTIFIER .)
    ;               reduce using rule 12 (expression -> IDENTIFIER .)
    $end            reduce using rule 12 (expression -> IDENTIFIER .)
    }               reduce using rule 12 (expression -> IDENTIFIER .)
    {               reduce using rule 12 (expression -> IDENTIFIER .)
    )               reduce using rule 12 (expression -> IDENTIFIER .)


state 14

    (13) expression -> ( . expression )
    (9) expression -> . expression ADD_OP expression
    (10) expression -> . expression MUL_OP expression
    (11) expression -> . NUMBER
    (12) expression -> . IDENTIFIER
    (13) expression -> . ( expression )
    (14) expression -> . ADD_OP expression

    NUMBER          shift and go to state 12
    IDENTIFIER      shift and go to state 13
    (               shift and go to state 14
    ADD_OP          shift and go to state 11

    expression                     shift and go to state 22

state 15

    (15) assignation -> IDENTIFIER = . expression
    (9) expression -> . expression ADD_OP expression
    (10) expression -> . expression MUL_OP expression
    (11) expression -> . NUMBER
    (12) expression -> . IDENTIFIER
    (13) expression -> . ( expression )
    (14) expression -> . ADD_OP expression

    NUMBER          shift and go to state 12
    IDENTIFIER      shift and go to state 13
    (               shift and go to state 14
    ADD_OP          shift and go to state 11

    expression                     shift and go to state 23

state 16

    (6) structure -> WHILE expression . { programme }
    (9) expression -> expression . ADD_OP expression
    (10) expression -> expression . MUL_OP expression

    {               shift and go to state 24
    ADD_OP          shift and go to state 19
    MUL_OP          shift and go to state 20


state 17

    (7) structure -> IF expression . { programme }
    (8) structure -> IF expression . { programme } ; ELSE { programme }
    (9) expression -> expression . ADD_OP expression
    (10) expression -> expression . MUL_OP expression

    {               shift and go to state 25
    ADD_OP          shift and go to state 19
    MUL_OP          shift and go to state 20


state 18

    (2) programme -> statement ; programme .

    $end            reduce using rule 2 (programme -> statement ; programme .)
    }               reduce using rule 2 (programme -> statement ; programme .)


state 19

    (9) expression -> expression ADD_OP . expression
    (9) expression -> . expression ADD_OP expression
    (10) expression -> . expression MUL_OP expression
    (11) expression -> . NUMBER
    (12) expression -> . IDENTIFIER
    (13) expression -> . ( expression )
    (14) expression -> . ADD_OP expression

    NUMBER          shift and go to state 12
    IDENTIFIER      shift and go to state 13
    (               shift and go to state 14
    ADD_OP          shift and go to state 11

    expression                     shift and go to state 26

state 20

    (10) expression -> expression MUL_OP . expression
    (9) expression -> . expression ADD_OP expression
    (10) expression -> . expression MUL_OP expression
    (11) expression -> . NUMBER
    (12) expression -> . IDENTIFIER
    (13) expression -> . ( expression )
    (14) expression -> . ADD_OP expression

    NUMBER          shift and go to state 12
    IDENTIFIER      shift and go to state 13
    (               shift and go to state 14
    ADD_OP          shift and go to state 11

    expression                     shift and go to state 27

state 21

    (14) expression -> ADD_OP expression .
    (9) expression -> expression . ADD_OP expression
    (10) expression -> expression . MUL_OP expression

    ADD_OP          reduce using rule 14 (expression -> ADD_OP expression .)
    MUL_OP          reduce using rule 14 (expression -> ADD_OP expression .)
    ;               reduce using rule 14 (expression -> ADD_OP expression .)
    $end            reduce using rule 14 (expression -> ADD_OP expression .)
    }               reduce using rule 14 (expression -> ADD_OP expression .)
    {               reduce using rule 14 (expression -> ADD_OP expression .)
    )               reduce using rule 14 (expression -> ADD_OP expression .)

  ! ADD_OP          [ shift and go to state 19 ]
  ! MUL_OP          [ shift and go to state 20 ]


state 22

    (13) expression -> ( expression . )
    (9) expression -> expression . ADD_OP expression
    (10) expression -> expression . MUL_OP expression

    )               shift and go to state 28
    ADD_OP          shift and go to state 19
    MUL_OP          shift and go to state 20


state 23

    (15) assignation -> IDENTIFIER = expression .
    (9) expression -> expression . ADD_OP expression
    (10) expression -> expression . MUL_OP expression

    ;               reduce using rule 15 (assignation -> IDENTIFIER = expression .)
    $end            reduce using rule 15 (assignation -> IDENTIFIER = expression .)
    }               reduce using rule 15 (assignation -> IDENTIFIER = expression .)
    ADD_OP          shift and go to state 19
    MUL_OP          shift and go to state 20


state 24

    (6) structure -> WHILE expression { . programme }
    (1) programme -> . statement
    (2) programme -> . statement ; programme
    (3) statement -> . assignation
    (4) statement -> . structure
    (5) statement -> . PRINT expression
    (15) assignation -> . IDENTIFIER = expression
    (6) structure -> . WHILE expression { programme }
    (7) structure -> . IF expression { programme }
    (8) structure -> . IF expression { programme } ; ELSE { programme }

    PRINT           shift and go to state 5
    IDENTIFIER      shift and go to state 6
    WHILE           shift and go to state 7
    IF              shift and go to state 8

    programme                      shift and go to state 29
    statement                      shift and go to state 2
    assignation                    shift and go to state 3
    structure                      shift and go to state 4

state 25

    (7) structure -> IF expression { . programme }
    (8) structure -> IF expression { . programme } ; ELSE { programme }
    (1) programme -> . statement
    (2) programme -> . statement ; programme
    (3) statement -> . assignation
    (4) statement -> . structure
    (5) statement -> . PRINT expression
    (15) assignation -> . IDENTIFIER = expression
    (6) structure -> . WHILE expression { programme }
    (7) structure -> . IF expression { programme }
    (8) structure -> . IF expression { programme } ; ELSE { programme }

    PRINT           shift and go to state 5
    IDENTIFIER      shift and go to state 6
    WHILE           shift and go to state 7
    IF              shift and go to state 8

    programme                      shift and go to state 30
    statement                      shift and go to state 2
    assignation                    shift and go to state 3
    structure                      shift and go to state 4

state 26

    (9) expression -> expression ADD_OP expression .
    (9) expression -> expression . ADD_OP expression
    (10) expression -> expression . MUL_OP expression

    ADD_OP          reduce using rule 9 (expression -> expression ADD_OP expression .)
    ;               reduce using rule 9 (expression -> expression ADD_OP expression .)
    $end            reduce using rule 9 (expression -> expression ADD_OP expression .)
    }               reduce using rule 9 (expression -> expression ADD_OP expression .)
    {               reduce using rule 9 (expression -> expression ADD_OP expression .)
    )               reduce using rule 9 (expression -> expression ADD_OP expression .)
    MUL_OP          shift and go to state 20

  ! MUL_OP          [ reduce using rule 9 (expression -> expression ADD_OP expression .) ]
  ! ADD_OP          [ shift and go to state 19 ]


state 27

    (10) expression -> expression MUL_OP expression .
    (9) expression -> expression . ADD_OP expression
    (10) expression -> expression . MUL_OP expression

    ADD_OP          reduce using rule 10 (expression -> expression MUL_OP expression .)
    MUL_OP          reduce using rule 10 (expression -> expression MUL_OP expression .)
    ;               reduce using rule 10 (expression -> expression MUL_OP expression .)
    $end            reduce using rule 10 (expression -> expression MUL_OP expression .)
    }               reduce using rule 10 (expression -> expression MUL_OP expression .)
    {               reduce using rule 10 (expression -> expression MUL_OP expression .)
    )               reduce using rule 10 (expression -> expression MUL_OP expression .)

  ! ADD_OP          [ shift and go to state 19 ]
  ! MUL_OP          [ shift and go to state 20 ]


state 28

    (13) expression -> ( expression ) .

    ADD_OP          reduce using rule 13 (expression -> ( expression ) .)
    MUL_OP          reduce using rule 13 (expression -> ( expression ) .)
    ;               reduce using rule 13 (expression -> ( expression ) .)
    $end            reduce using rule 13 (expression -> ( expression ) .)
    }               reduce using rule 13 (expression -> ( expression ) .)
    {               reduce using rule 13 (expression -> ( expression ) .)
    )               reduce using rule 13 (expression -> ( expression ) .)


state 29

    (6) structure -> WHILE expression { programme . }

    }               shift and go to state 31


state 30

    (7) structure -> IF expression { programme . }
    (8) structure -> IF expression { programme . } ; ELSE { programme }

    }               shift and go to state 32


state 31

    (6) structure -> WHILE expression { programme } .

    ;               reduce using rule 6 (structure -> WHILE expression { programme } .)
    $end            reduce using rule 6 (structure -> WHILE expression { programme } .)
    }               reduce using rule 6 (structure -> WHILE expression { programme } .)


state 32

    (7) structure -> IF expression { programme } .
    (8) structure -> IF expression { programme } . ; ELSE { programme }

  ! shift/reduce conflict for ; resolved as shift
    $end            reduce using rule 7 (structure -> IF expression { programme } .)
    }               reduce using rule 7 (structure -> IF expression { programme } .)
    ;               shift and go to state 33

  ! ;               [ reduce using rule 7 (structure -> IF expression { programme } .) ]


state 33

    (8) structure -> IF expression { programme } ; . ELSE { programme }

    ELSE            shift and go to state 34


state 34

    (8) structure -> IF expression { programme } ; ELSE . { programme }

    {               shift and go to state 35


state 35

    (8) structure -> IF expression { programme } ; ELSE { . programme }
    (1) programme -> . statement
    (2) programme -> . statement ; programme
    (3) statement -> . assignation
    (4) statement -> . structure
    (5) statement -> . PRINT expression
    (15) assignation -> . IDENTIFIER = expression
    (6) structure -> . WHILE expression { programme }
    (7) structure -> . IF expression { programme }
    (8) structure -> . IF expression { programme } ; ELSE { programme }

    PRINT           shift and go to state 5
    IDENTIFIER      shift and go to state 6
    WHILE           shift and go to state 7
    IF              shift and go to state 8

    programme                      shift and go to state 36
    statement                      shift and go to state 2
    assignation                    shift and go to state 3
    structure                      shift and go to state 4

state 36

    (8) structure -> IF expression { programme } ; ELSE { programme . }

    }               shift and go to state 37


state 37

    (8) structure -> IF expression { programme } ; ELSE { programme } .

    ;               reduce using rule 8 (structure -> IF expression { programme } ; ELSE { programme } .)
    $end            reduce using rule 8 (structure -> IF expression { programme } ; ELSE { programme } .)
    }               reduce using rule 8 (structure -> IF expression { programme } ; ELSE { programme } .)

WARNING: 
WARNING: Conflicts:
WARNING: 
WARNING: shift/reduce conflict for ; in state 32 resolved as shift
